<?xml version="1.0" encoding="UTF-8"?>
<!-- Generated by org.testng.reporters.JUnitReportReporter -->
<testsuite hostname="Bhavu" failures="0" tests="1" name="com.nopcommerce.demo.testsuite.LoginPageTest" time="5.993" errors="0" timestamp="2023-12-10T22:35:30 GMT" skipped="0">
  <testcase classname="com.nopcommerce.demo.testsuite.LoginPageTest" name="userShouldNavigateToLoginPageSuccessFully" time="5.993"/>
</testsuite> <!-- com.nopcommerce.demo.testsuite.LoginPageTest -->
